2017-11-20T16:22:09.153Z - normal: Load ~/.CocosCreator/settings.json
2017-11-20T16:22:09.156Z - normal: checking language setting...
2017-11-20T16:22:09.157Z - normal: Language: zh
2017-11-20T16:22:09.696Z - success: protocol editor-framework registered
2017-11-20T16:22:09.698Z - success: protocol app registered
2017-11-20T16:22:09.698Z - success: protocol theme registered
2017-11-20T16:22:09.698Z - success: protocol profile registered
2017-11-20T16:22:09.698Z - success: protocol packages registered
2017-11-20T16:22:09.701Z - success: protocol unpack registerred
2017-11-20T16:22:09.701Z - success: protocol disable-commonjs registerred
2017-11-20T16:22:10.440Z - normal: connected!
2017-11-20T16:22:10.443Z - normal: Check project /Users/rigel/radiusSTG
2017-11-20T16:22:10.445Z - normal: Initializing Cocos2d
2017-11-20T16:22:10.594Z - normal: Initializing Asset Database
2017-11-20T16:22:10.622Z - success: protocol uuid registerred
2017-11-20T16:22:10.622Z - success: protocol db registerred
2017-11-20T16:22:10.622Z - success: protocol thumbnail registerred
2017-11-20T16:22:10.623Z - normal: Loading editor/builtin packages
2017-11-20T16:22:10.640Z - success: anysdk loaded
2017-11-20T16:22:10.751Z - success: assets loaded
2017-11-20T16:22:10.754Z - success: builder loaded
2017-11-20T16:22:10.757Z - success: hierarchy loaded
2017-11-20T16:22:10.760Z - success: inspector loaded
2017-11-20T16:22:10.762Z - success: keystore loaded
2017-11-20T16:22:10.765Z - success: node-library loaded
2017-11-20T16:22:10.766Z - success: package-asset loaded
2017-11-20T16:22:10.768Z - success: preferences loaded
2017-11-20T16:22:10.770Z - success: project-exporter loaded
2017-11-20T16:22:10.782Z - success: project-importer loaded
2017-11-20T16:22:10.785Z - success: project-settings loaded
2017-11-20T16:22:10.788Z - success: ui-kit loaded
2017-11-20T16:22:10.795Z - success: ui-grid loaded
2017-11-20T16:22:10.800Z - success: scene loaded
2017-11-20T16:22:10.801Z - success: sprite-editor loaded
2017-11-20T16:22:10.805Z - success: store loaded
2017-11-20T16:22:10.810Z - success: timeline loaded
2017-11-20T16:22:10.810Z - normal: Loading builtin packages
2017-11-20T16:22:10.813Z - success: asset-db-debugger loaded
2017-11-20T16:22:10.814Z - success: color-picker loaded
2017-11-20T16:22:10.817Z - success: console loaded
2017-11-20T16:22:10.821Z - success: package-manager loaded
2017-11-20T16:22:10.824Z - success: sdkbox loaded
2017-11-20T16:22:10.828Z - success: tester loaded
2017-11-20T16:22:10.831Z - success: ui-kit-preview-extra loaded
2017-11-20T16:22:10.834Z - success: ui-kit-preview loaded
2017-11-20T16:22:10.837Z - success: ui-tree loaded
2017-11-20T16:22:11.524Z - normal: Initializing project /Users/rigel/radiusSTG
2017-11-20T16:22:11.526Z - normal: Loading packages
2017-11-20T16:22:11.530Z - normal: Watching packages
2017-11-20T16:22:11.541Z - normal: Run Application
2017-11-20T16:22:12.800Z - success: preview server running at http://localhost:7456
2017-11-20T16:22:17.575Z - normal: 1.6.2
